<?xml version="1.0" encoding="UTF-8"?>
<testsuite name="BaseTest" tests="0" skipped="0" failures="0" errors="0" timestamp="1970-01-01T00:00:00" hostname="NI-INV2393" time="0.0">
  <properties/>
  <system-out><![CDATA[]]></system-out>
  <system-err><![CDATA[1630726440084	geckodriver	INFO	Listening on 127.0.0.1:8228
1630726440261	mozrunner::runner	INFO	Running command: "/usr/lib/firefox/firefox" "--marionette" "-foreground" "-no-remote" "-profile" "/tmp/rust_mozprofile15Sz4U"
1630726440702	Marionette	INFO	Marionette enabled
console.warn: SearchSettings: "get: No settings file exists, new profile?" (new NotFoundError("Could not open the file at /tmp/rust_mozprofile15Sz4U/search.json.mozlz4", (void 0)))
1630726442166	Marionette	INFO	Listening on port 41573
1630726442292	RemoteAgent	WARN	TLS certificate errors will be ignored for this session
set 04, 2021 12:34:02 AM org.openqa.selenium.remote.ProtocolHandshake createSession
INFORMAÇÕES: Detected dialect: W3C
┌───────────────────────────────────────────────────────────────────────────────────┐
│ Share your Cucumber Report with your team at https://reports.cucumber.io          │
│ Activate publishing with one of the following:                                    │
│                                                                                   │
│ src/test/resources/cucumber.properties:          cucumber.publish.enabled=true    │
│ src/test/resources/junit-platform.properties:    cucumber.publish.enabled=true    │
│ Environment variable:                            CUCUMBER_PUBLISH_ENABLED=true    │
│ JUnit:                                           @CucumberOptions(publish = true) │
│                                                                                   │
│ More information at https://cucumber.io/docs/cucumber/environment-variables/      │
│                                                                                   │
│ Disable this message with one of the following:                                   │
│                                                                                   │
│ src/test/resources/cucumber.properties:          cucumber.publish.quiet=true      │
│ src/test/resources/junit-platform.properties:    cucumber.publish.quiet=true      │
└───────────────────────────────────────────────────────────────────────────────────┘
1630726448536	Marionette	INFO	Stopped listening on port 41573
JavaScript error: resource:///modules/Interactions.jsm, line 209: NS_ERROR_FAILURE: Component returned failure code: 0x80004005 (NS_ERROR_FAILURE) [nsIUserIdleService.removeIdleObserver]
]]></system-err>
</testsuite>
